<?xml version="1.0" encoding="UTF-8"?>
<!-- Generated by org.testng.reporters.JUnitReportReporter -->
<testsuite hostname="James" failures="0" tests="1" name="BusyQA.JamesKalu_FinalExam_Project.JamesKalu_FinalExam_Project" time="42.011" errors="0" timestamp="2024-10-28T21:54:47 EDT" skipped="0">
  <testcase classname="BusyQA.JamesKalu_FinalExam_Project.JamesKalu_FinalExam_Project" name="newTest" time="42.011"/>
  <system-out/>
</testsuite> <!-- BusyQA.JamesKalu_FinalExam_Project.JamesKalu_FinalExam_Project -->
